------------------------------
Timestamp: 2024-09-22 22:39:51
['2040', '3', '812']
Power: 1096.09
------------------------------
Timestamp: 2024-09-22 23:27:02
Found List: ['2040', '3', '812', '280', '0']
Power: 1349.64
------------------------------
Timestamp: 2024-09-22 23:29:12
Found List: {'Scraped Data': {'streak': 3, 'total_problems': 812}, 'API Data': {'streak': 0, 'total_problems': 280}, 'Combined Data': {'streak': 3, 'total_problems': 1092}}
Calculation Formula:
Base Power Calculation:
  streak * streak_weight = 3 * 100 = 300
  total_problems * total_weight = 1092 * 0.8 = 873.6
  base_power = 300 + 873.6 = 1173.6

Power Calculation with Multiplier:
  streak * streak_multiplier = 3 * 0.05 = 0.15000000000000002
  1 + (streak * streak_multiplier) = 1 + 0.15000000000000002 = 1.15
  power = 1173.6 * 1.15 = 1349.6399999999999
Power: 1349.64
--------------------------------------------------
Timestamp: 2024-09-22 23:31:13
Found List: {'Scraped Data': {'streak': 3, 'total_problems': 812}, 'API Data': {'streak': 0, 'total_problems': 280}, 'Combined Data': {'streak': 3, 'total_problems': 1092}}
Calculation Formula:
Base Power Calculation:
  streak * streak_weight = 3 * 100 = 300
  total_problems * total_weight = 1092 * 0.8 = 873.6
  base_power = 300 + 873.6 = 1173.6

Power Calculation with Multiplier:
  streak * streak_multiplier = 3 * 0.05 = 0.15000000000000002
  1 + (streak * streak_multiplier) = 1 + 0.15000000000000002 = 1.15
  power = 1173.6 * 1.15 = 1349.6399999999999
Power: 1349.64
--------------------------------------------------
Timestamp: 2024-09-23 23:01:14
Found List: {'Scraped Data': {'streak': 4, 'total_problems': 813}, 'API Data': {'streak': 0, 'total_problems': 280}, 'Combined Data': {'streak': 4, 'total_problems': 1093}}
Calculation Formula:
Base Power Calculation:
  streak * streak_weight = 4 * 100 = 400
  total_problems * total_weight = 1093 * 0.8 = 874.4000000000001
  base_power = 400 + 874.4000000000001 = 1274.4

Power Calculation with Multiplier:
  streak * streak_multiplier = 4 * 0.05 = 0.2
  1 + (streak * streak_multiplier) = 1 + 0.2 = 1.2
  power = 1274.4 * 1.2 = 1529.28
Power: 1529.28
--------------------------------------------------
Timestamp: 2024-09-24 23:00:42
Found List: {'Scraped Data': {'streak': 5, 'total_problems': 815}, 'API Data': {'streak': 0, 'total_problems': 280}, 'Combined Data': {'streak': 5, 'total_problems': 1095}}
Calculation Formula:
Base Power Calculation:
  streak * streak_weight = 5 * 100 = 500
  total_problems * total_weight = 1095 * 0.8 = 876.0
  base_power = 500 + 876.0 = 1376.0

Power Calculation with Multiplier:
  streak * streak_multiplier = 5 * 0.05 = 0.25
  1 + (streak * streak_multiplier) = 1 + 0.25 = 1.25
  power = 1376.0 * 1.25 = 1720.0
Power: 1720.00
--------------------------------------------------
Timestamp: 2024-09-25 22:14:19
Found List: {'Scraped Data': {'streak': 6, 'total_problems': 818}, 'API Data': {'streak': 0, 'total_problems': 280}, 'Combined Data': {'streak': 6, 'total_problems': 1098}}
Calculation Formula:
Base Power Calculation:
  streak * streak_weight = 6 * 100 = 600
  total_problems * total_weight = 1098 * 0.8 = 878.4000000000001
  base_power = 600 + 878.4000000000001 = 1478.4

Power Calculation with Multiplier:
  streak * streak_multiplier = 6 * 0.05 = 0.30000000000000004
  1 + (streak * streak_multiplier) = 1 + 0.30000000000000004 = 1.3
  power = 1478.4 * 1.3 = 1921.92
Power: 1921.92
--------------------------------------------------
Timestamp: 2024-09-26 22:13:09
Found List: {'Scraped Data': {'streak': 7, 'total_problems': 819}, 'API Data': {'streak': 0, 'total_problems': 280}, 'Combined Data': {'streak': 7, 'total_problems': 1099}}
Calculation Formula:
Base Power Calculation:
  streak * streak_weight = 7 * 100 = 700
  total_problems * total_weight = 1099 * 0.8 = 879.2
  base_power = 700 + 879.2 = 1579.2

Power Calculation with Multiplier:
  streak * streak_multiplier = 7 * 0.05 = 0.35000000000000003
  1 + (streak * streak_multiplier) = 1 + 0.35000000000000003 = 1.35
  power = 1579.2 * 1.35 = 2174.771592
Power: 2174.77
--------------------------------------------------
Timestamp: 2024-09-27 23:10:49
Found List: {'Scraped Data': {'streak': 8, 'total_problems': 820}, 'API Data': {'streak': 0, 'total_problems': 280}, 'Combined Data': {'streak': 8, 'total_problems': 1100}}
Calculation Formula:
Base Power Calculation:
  streak * streak_weight = 8 * 100 = 800
  total_problems * total_weight = 1100 * 0.8 = 880.0
  base_power = 800 + 880.0 = 1680.0

Power Calculation with Multiplier:
  streak * streak_multiplier = 8 * 0.05 = 0.4
  1 + (streak * streak_multiplier) = 1 + 0.4 = 1.4
  power = 1680.0 * 1.4 = 2774.9082313452986 / 0.956922526432964

Random Multiplier Applied:
  random_multiplier = 0.956922526432964
  power after multiplier = 2835.9082313452986 * 0.956922526432964 = 2652.744469470982

Random Bonus Applied:
  random_bonus = 61
  final power = 2652.744469470982 + 61 = 2713.744469470982
Power: 2713.74
--------------------------------------------------
Timestamp: 2024-09-28 07:32:46
Found List: {'Scraped Data': {'streak': 9, 'total_problems': 821}, 'API Data': {'streak': 0, 'total_problems': 280}, 'Combined Data': {'streak': 9, 'total_problems': 1101}}
Calculation Formula:
Base Power Calculation:
  streak * streak_weight = 9 * 100 = 900
  total_problems * total_weight = 1101 * 0.8 = 880.8000000000001
  base_power = 900 + 880.8000000000001 = 1780.8000000000002

Power Calculation with Multiplier:
  streak * streak_multiplier = 9 * 0.05 = 0.45
  1 + (streak * streak_multiplier) = 1 + 0.45 = 1.45
  power = 1780.8000000000002 * 1.45 = 3034.79576852395 / 0.8895623592089329

Random Multiplier Applied:
  random_multiplier = 0.8895623592089329
  power after multiplier = 2997.79576852395 * 0.8895623592089329 = 2703.726276274721

Random Bonus Applied:
  random_bonus = -37
  final power = 2703.726276274721 + -37 = 2666.726276274721
Power: 2666.73
--------------------------------------------------
Timestamp: 2024-09-29 21:29:07
Found List: {'Scraped Data': {'streak': 10, 'total_problems': 822}, 'API Data': {'streak': 0, 'total_problems': 280}, 'Combined Data': {'streak': 10, 'total_problems': 1102}}
Calculation Formula:
Base Power Calculation:
  streak * streak_weight = 10 * 100 = 1000
  total_problems * total_weight = 1102 * 0.8 = 881.6
  base_power = 1000 + 881.6 = 1881.6

Power Calculation with Multiplier:
  streak * streak_multiplier = 10 * 0.05 = 0.5
  1 + (streak * streak_multiplier) = 1 + 0.5 = 1.5
  power = 1881.6 * 1.5 = 3332.258866080009 / 0.8433487528117303

Random Multiplier Applied:
  random_multiplier = 0.8433487528117303
  power after multiplier = 3282.258866080009 * 0.8433487528117303 = 2818.0889211138197

Random Bonus Applied:
  random_bonus = -50
  final power = 2818.0889211138197 + -50 = 2768.0889211138197
Power: 2768.09
--------------------------------------------------
Timestamp: 2024-10-01 21:54:08
Found List: {'Scraped Data': {'streak': 11, 'total_problems': 823}, 'API Data': {'streak': 0, 'total_problems': 280}, 'Combined Data': {'streak': 11, 'total_problems': 1103}}
Calculation Formula:
Base Power Calculation:
  streak * streak_weight = 11 * 100 = 1100
  total_problems * total_weight = 1103 * 0.8 = 882.4000000000001
  base_power = 1100 + 882.4000000000001 = 1982.4

Power Calculation with Multiplier:
  streak * streak_multiplier = 11 * 0.05 = 0.55
  1 + (streak * streak_multiplier) = 1 + 0.55 = 1.55
  power = 1982.4 * 1.55 = 3640.6824626874336 / 0.9990451394394073

Random Multiplier Applied:
  random_multiplier = 0.9990451394394073
  power after multiplier = 3641.6824626874336 * 0.9990451394394073 = 3637.2051637296113

Random Bonus Applied:
  random_bonus = 1
  final power = 3637.2051637296113 + 1 = 3638.2051637296113
Power: 3638.21
--------------------------------------------------
Timestamp: 2024-10-05 23:03:33
Found List: {'Scraped Data': {'streak': 16, 'total_problems': 833}, 'API Data': {'streak': 0, 'total_problems': 280}, 'Combined Data': {'streak': 16, 'total_problems': 1113}}
Calculation Formula:
Base Power Calculation:
  streak * streak_weight = 16 * 100 = 1600
  total_problems * total_weight = 1113 * 0.8 = 890.4000000000001
  base_power = 1600 + 890.4000000000001 = 2490.4

Power Calculation with Multiplier:
  streak * streak_multiplier = 16 * 0.05 = 0.8
  1 + (streak * streak_multiplier) = 1 + 0.8 = 1.8
  power = 2490.4 * 1.8 = 5398.083699696033 / 0.8770758788128437

Random Multiplier Applied:
  random_multiplier = 0.8770758788128437
  power after multiplier = 5388.083699696033 * 0.8770758788128437 = 4735.758246028056

Random Bonus Applied:
  random_bonus = -10
  final power = 4735.758246028056 + -10 = 4725.758246028056
Power: 4725.76
--------------------------------------------------
